<?xml version="1.0" encoding="UTF-8"?>
<testsuite xmlns:xsi="http://www.w3.org/2001/XMLSchema-instance" xsi:noNamespaceSchemaLocation="https://maven.apache.org/surefire/maven-surefire-plugin/xsd/surefire-test-report-3.0.xsd" version="3.0" name="com.zw.JwtTest" time="0.244" tests="2" errors="0" skipped="0" failures="0">
  <properties>
[...]
</properties>
  <testcase name="testGen" classname="com.zw.JwtTest" time="0.188">
    <system-out><![CDATA[eyJhbGciOiJIUzI1NiIsInR5cCI6IkpXVCJ9.eyJ1c2VyIjp7ImlkIjoxLCJ1c2VybmFtZSI6IndhbmdoZSJ9LCJleHAiOjUxMTc5ODE1NDAxNDgwMH0.3SOFg2Yj48uzfDn0YOUxZVV_ZZM8FxqxbWA4JCf_k8o
]]></system-out>
  </testcase>
  <testcase name="testParse" classname="com.zw.JwtTest" time="0.04">
    <system-out><![CDATA[{"id":1,"username":"wanghe"}
]]></system-out>
  </testcase>
</testsuite>